  HospitalManager.cpp
  main.cpp
  Generating Code...
HospitalManager.obj : error LNK2019: unresolved external symbol "public: bool __cdecl Person::setFirstName(char const *)" (?setFirstName@Person@@QEAA_NPEBD@Z) referenced in function "public: void __cdecl HospitalManager::addPatient(void)" (?addPatient@HospitalManager@@QEAAXXZ)
HospitalManager.obj : error LNK2019: unresolved external symbol "public: bool __cdecl Person::setLastName(char const *)" (?setLastName@Person@@QEAA_NPEBD@Z) referenced in function "public: void __cdecl HospitalManager::addPatient(void)" (?addPatient@HospitalManager@@QEAAXXZ)
HospitalManager.obj : error LNK2019: unresolved external symbol "public: char * __cdecl Person::getFirstName(void)const " (?getFirstName@Person@@QEBAPEADXZ) referenced in function "public: void __cdecl HospitalManager::addArticleToResearcher(void)" (?addArticleToResearcher@HospitalManager@@QEAAXXZ)
HospitalManager.obj : error LNK2019: unresolved external symbol "public: char * __cdecl Person::getLastName(void)const " (?getLastName@Person@@QEBAPEADXZ) referenced in function "public: void __cdecl HospitalManager::addArticleToResearcher(void)" (?addArticleToResearcher@HospitalManager@@QEAAXXZ)
HospitalManager.obj : error LNK2019: unresolved external symbol "public: __cdecl Worker::Worker(int,int,double)" (??0Worker@@QEAA@HHN@Z) referenced in function "public: void __cdecl HospitalManager::addWorker(void)" (?addWorker@HospitalManager@@QEAAXXZ)
HospitalManager.obj : error LNK2019: unresolved external symbol "public: bool __cdecl Worker::setSalary(int)" (?setSalary@Worker@@QEAA_NH@Z) referenced in function "public: void __cdecl HospitalManager::changeWorkerSalary(void)" (?changeWorkerSalary@HospitalManager@@QEAAXXZ)
HospitalManager.obj : error LNK2019: unresolved external symbol "public: bool __cdecl Worker::setOnShift(bool)" (?setOnShift@Worker@@QEAA_N_N@Z) referenced in function "public: void __cdecl HospitalManager::addWorker(void)" (?addWorker@HospitalManager@@QEAAXXZ)
HospitalManager.obj : error LNK2019: unresolved external symbol "public: void __cdecl Worker::printWorker(void)const " (?printWorker@Worker@@QEBAXXZ) referenced in function "public: void __cdecl HospitalManager::displayWorkers(void)const " (?displayWorkers@HospitalManager@@QEBAXXZ)
HospitalManager.obj : error LNK2019: unresolved external symbol "public: __cdecl Worker::~Worker(void)" (??1Worker@@QEAA@XZ) referenced in function "public: void * __cdecl Worker::`scalar deleting destructor'(unsigned int)" (??_GWorker@@QEAAPEAXI@Z)
HospitalManager.obj : error LNK2019: unresolved external symbol "public: __cdecl Patient::Patient(char *,class Doctor *,class Department *)" (??0Patient@@QEAA@PEADPEAVDoctor@@PEAVDepartment@@@Z) referenced in function "public: void __cdecl HospitalManager::addPatient(void)" (?addPatient@HospitalManager@@QEAAXXZ)
HospitalManager.obj : error LNK2019: unresolved external symbol "public: void __cdecl Patient::printPatient(void)const " (?printPatient@Patient@@QEBAXXZ) referenced in function "public: void __cdecl HospitalManager::displayPatients(void)const " (?displayPatients@HospitalManager@@QEBAXXZ)
HospitalManager.obj : error LNK2019: unresolved external symbol "public: __cdecl Patient::~Patient(void)" (??1Patient@@QEAA@XZ) referenced in function "public: void * __cdecl Patient::`scalar deleting destructor'(unsigned int)" (??_GPatient@@QEAAPEAXI@Z)
HospitalManager.obj : error LNK2019: unresolved external symbol "public: __cdecl Doctor::~Doctor(void)" (??1Doctor@@QEAA@XZ) referenced in function "public: void * __cdecl Doctor::`scalar deleting destructor'(unsigned int)" (??_GDoctor@@QEAAPEAXI@Z)
HospitalManager.obj : error LNK2019: unresolved external symbol "public: bool __cdecl Researcher::addArticle(class Artical const *)" (?addArticle@Researcher@@QEAA_NPEBVArtical@@@Z) referenced in function "public: void __cdecl HospitalManager::addArticleToResearcher(void)" (?addArticleToResearcher@HospitalManager@@QEAAXXZ)
HospitalManager.obj : error LNK2019: unresolved external symbol "public: __cdecl Researcher::~Researcher(void)" (??1Researcher@@QEAA@XZ) referenced in function "public: void * __cdecl Researcher::`scalar deleting destructor'(unsigned int)" (??_GResearcher@@QEAAPEAXI@Z)
HospitalManager.obj : error LNK2019: unresolved external symbol "public: void __cdecl DepartmentManager::printDepartmentManager(void)const " (?printDepartmentManager@DepartmentManager@@QEBAXXZ) referenced in function "public: void __cdecl HospitalManager::changeDepartmentManager(void)" (?changeDepartmentManager@HospitalManager@@QEAAXXZ)
HospitalManager.obj : error LNK2019: unresolved external symbol "public: char * __cdecl Department::getNameOfDepartment(void)const " (?getNameOfDepartment@Department@@QEBAPEADXZ) referenced in function "public: void __cdecl HospitalManager::addPatient(void)" (?addPatient@HospitalManager@@QEAAXXZ)
HospitalManager.obj : error LNK2019: unresolved external symbol "public: bool __cdecl Department::setDepartmentManager(class DepartmentManager *)" (?setDepartmentManager@Department@@QEAA_NPEAVDepartmentManager@@@Z) referenced in function "public: void __cdecl HospitalManager::changeDepartmentManager(void)" (?changeDepartmentManager@HospitalManager@@QEAAXXZ)
HospitalManager.obj : error LNK2019: unresolved external symbol "public: void __cdecl Department::printDepartment(void)const " (?printDepartment@Department@@QEBAXXZ) referenced in function "public: void __cdecl HospitalManager::displayDepartments(void)const " (?displayDepartments@HospitalManager@@QEBAXXZ)
HospitalManager.obj : error LNK2019: unresolved external symbol "public: __cdecl Department::~Department(void)" (??1Department@@QEAA@XZ) referenced in function "public: void * __cdecl Department::`scalar deleting destructor'(unsigned int)" (??_GDepartment@@QEAAPEAXI@Z)
HospitalManager.obj : error LNK2019: unresolved external symbol "public: void __cdecl Building::printBuilding(void)const " (?printBuilding@Building@@QEBAXXZ) referenced in function "public: void __cdecl HospitalManager::displayBuildings(void)const " (?displayBuildings@HospitalManager@@QEBAXXZ)
HospitalManager.obj : error LNK2019: unresolved external symbol "public: __cdecl Building::~Building(void)" (??1Building@@QEAA@XZ) referenced in function "public: void * __cdecl Building::`scalar deleting destructor'(unsigned int)" (??_GBuilding@@QEAAPEAXI@Z)
HospitalManager.obj : error LNK2019: unresolved external symbol "public: __cdecl Hospital::Hospital(char const *)" (??0Hospital@@QEAA@PEBD@Z) referenced in function "public: __cdecl HospitalManager::HospitalManager(void)" (??0HospitalManager@@QEAA@XZ)
HospitalManager.obj : error LNK2019: unresolved external symbol "public: __cdecl Hospital::Hospital(void)" (??0Hospital@@QEAA@XZ) referenced in function "public: __cdecl HospitalManager::HospitalManager(void)" (??0HospitalManager@@QEAA@XZ)
HospitalManager.obj : error LNK2019: unresolved external symbol "public: class DepartmentManager * * __cdecl Hospital::getDepartmentManagers(void)const " (?getDepartmentManagers@Hospital@@QEBAPEAPEAVDepartmentManager@@XZ) referenced in function "public: void __cdecl HospitalManager::changeDepartmentManager(void)" (?changeDepartmentManager@HospitalManager@@QEAAXXZ)
HospitalManager.obj : error LNK2019: unresolved external symbol "public: __cdecl Hospital::~Hospital(void)" (??1Hospital@@QEAA@XZ) referenced in function "public: __cdecl HospitalManager::HospitalManager(void)" (??0HospitalManager@@QEAA@XZ)
HospitalManager.obj : error LNK2019: unresolved external symbol "public: __cdecl Artical::Artical(char *)" (??0Artical@@QEAA@PEAD@Z) referenced in function "public: void __cdecl HospitalManager::addArticleToResearcher(void)" (?addArticleToResearcher@HospitalManager@@QEAAXXZ)
C:\Users\yahav\Documents\student\year3\semesterB\c++\Class24B-Hospital-GalYahavDiana\x64\Debug\Class24B-Hospital-GalYahavDiana.exe : fatal error LNK1120: 27 unresolved externals
