c:\users\gurvi\source\repos\class24b-hospital-galyahavdiana\x64\debug\vc143.pdb
c:\users\gurvi\source\repos\class24b-hospital-galyahavdiana\x64\debug\vc143.idb
c:\users\gurvi\source\repos\class24b-hospital-galyahavdiana\x64\debug\warehouse.obj
c:\users\gurvi\source\repos\class24b-hospital-galyahavdiana\x64\debug\ingredient.obj
c:\users\gurvi\source\repos\class24b-hospital-galyahavdiana\x64\debug\fooditem.obj
c:\users\gurvi\source\repos\class24b-hospital-galyahavdiana\x64\debug\alcoholicdrink.obj
c:\users\gurvi\source\repos\class24b-hospital-galyahavdiana\x64\debug\restaurant.obj
c:\users\gurvi\source\repos\class24b-hospital-galyahavdiana\x64\debug\order.obj
c:\users\gurvi\source\repos\class24b-hospital-galyahavdiana\x64\debug\menuiteminorder.obj
c:\users\gurvi\source\repos\class24b-hospital-galyahavdiana\x64\debug\menuitem.obj
c:\users\gurvi\source\repos\class24b-hospital-galyahavdiana\x64\debug\menu.obj
c:\users\gurvi\source\repos\class24b-hospital-galyahavdiana\x64\debug\main.obj
c:\users\gurvi\source\repos\class24b-hospital-galyahavdiana\x64\debug\drinkitem.obj
c:\users\yahav\documents\student\year3\semesterb\c++\class24b-hospital-galyahavdiana\x64\debug\alcoholicdrink.obj
c:\users\yahav\documents\student\year3\semesterb\c++\class24b-hospital-galyahavdiana\x64\debug\drinkitem.obj
c:\users\yahav\documents\student\year3\semesterb\c++\class24b-hospital-galyahavdiana\x64\debug\fooditem.obj
c:\users\yahav\documents\student\year3\semesterb\c++\class24b-hospital-galyahavdiana\x64\debug\ingredient.obj
c:\users\yahav\documents\student\year3\semesterb\c++\class24b-hospital-galyahavdiana\x64\debug\main.obj
c:\users\yahav\documents\student\year3\semesterb\c++\class24b-hospital-galyahavdiana\x64\debug\menu.obj
c:\users\yahav\documents\student\year3\semesterb\c++\class24b-hospital-galyahavdiana\x64\debug\menuitem.obj
c:\users\yahav\documents\student\year3\semesterb\c++\class24b-hospital-galyahavdiana\x64\debug\menuiteminorder.obj
c:\users\yahav\documents\student\year3\semesterb\c++\class24b-hospital-galyahavdiana\x64\debug\order.obj
c:\users\yahav\documents\student\year3\semesterb\c++\class24b-hospital-galyahavdiana\x64\debug\restaurant.obj
c:\users\yahav\documents\student\year3\semesterb\c++\class24b-hospital-galyahavdiana\x64\debug\table.obj
c:\users\yahav\documents\student\year3\semesterb\c++\class24b-hospital-galyahavdiana\x64\debug\warehouse.obj
c:\users\yahav\documents\student\year3\semesterb\c++\class24b-hospital-galyahavdiana\x64\debug\vc143.idb
c:\users\yahav\documents\student\year3\semesterb\c++\class24b-hospital-galyahavdiana\x64\debug\vc143.pdb
c:\users\yahav\documents\student\year3\semesterb\c++\class24b-hospital-galyahavdiana\x64\debug\restaurantsystem.tlog\cl.command.1.tlog
c:\users\yahav\documents\student\year3\semesterb\c++\class24b-hospital-galyahavdiana\x64\debug\restaurantsystem.tlog\cl.read.1.tlog
c:\users\yahav\documents\student\year3\semesterb\c++\class24b-hospital-galyahavdiana\x64\debug\restaurantsystem.tlog\cl.write.1.tlog
