  Cocktail.cpp
C:\Users\yahav\Documents\student\year3\semesterB\c++\Class24B-Hospital-GalYahavDiana\Cocktail.h(13,21): warning C4240: nonstandard extension used: access to 'Cocktail::eAlcoholLevel' now defined to be 'public', previously it was defined to be 'private'
C:\Users\yahav\Documents\student\year3\semesterB\c++\Class24B-Hospital-GalYahavDiana\Cocktail.h(10,7): message : see declaration of 'Cocktail::eAlcoholLevel'
C:\Users\yahav\Documents\student\year3\semesterB\c++\Class24B-Hospital-GalYahavDiana\Cocktail.cpp(7,69): error C2075: 'alcoholLevel': initialization requires a brace-enclosed initializer list
C:\Users\yahav\Documents\student\year3\semesterB\c++\Class24B-Hospital-GalYahavDiana\Cocktail.cpp(10,12): error C2440: 'return': cannot convert from 'const char *const [4]' to 'Cocktail::eAlcoholLevel'
C:\Users\yahav\Documents\student\year3\semesterB\c++\Class24B-Hospital-GalYahavDiana\Cocktail.cpp(10,12): message : There is no context in which this conversion is possible
C:\Users\yahav\Documents\student\year3\semesterB\c++\Class24B-Hospital-GalYahavDiana\Cocktail.cpp(18,18): error C3863: array type 'const char *[4]' is not assignable
  Department.cpp
C:\Users\yahav\Documents\student\year3\semesterB\c++\Class24B-Hospital-GalYahavDiana\department.h(6,12): error C2143: syntax error: missing ';' before '*'
C:\Users\yahav\Documents\student\year3\semesterB\c++\Class24B-Hospital-GalYahavDiana\department.h(6,12): error C4430: missing type specifier - int assumed. Note: C++ does not support default-int
C:\Users\yahav\Documents\student\year3\semesterB\c++\Class24B-Hospital-GalYahavDiana\department.h(6,22): error C2238: unexpected token(s) preceding ';'
C:\Users\yahav\Documents\student\year3\semesterB\c++\Class24B-Hospital-GalYahavDiana\Department.cpp(15,30): error C2065: 'wareHouse': undeclared identifier
C:\Users\yahav\Documents\student\year3\semesterB\c++\Class24B-Hospital-GalYahavDiana\Department.cpp(16,12): error C2065: 'wareHouse': undeclared identifier
C:\Users\yahav\Documents\student\year3\semesterB\c++\Class24B-Hospital-GalYahavDiana\Department.cpp(21,12): error C2065: 'wareHouse': undeclared identifier
  DrinkItem.cpp
  Kitchen.cpp
C:\Users\yahav\Documents\student\year3\semesterB\c++\Class24B-Hospital-GalYahavDiana\Kitchen.cpp(11,45): error C2614: 'Kitchen': illegal member initialization: 'numOfWrkers' is not a base or member
C:\Users\yahav\Documents\student\year3\semesterB\c++\Class24B-Hospital-GalYahavDiana\Kitchen.cpp(15,58): error C2039: 'warehouse': is not a member of 'Kitchen'
C:\Users\yahav\Documents\student\year3\semesterB\c++\Class24B-Hospital-GalYahavDiana\Kitchen.h(7,7): message : see declaration of 'Kitchen'
C:\Users\yahav\Documents\student\year3\semesterB\c++\Class24B-Hospital-GalYahavDiana\Kitchen.cpp(15,47): error C2672: 'std::move': no matching overloaded function found
C:\Program Files\Microsoft Visual Studio\2022\Community\VC\Tools\MSVC\14.34.31933\include\xutility(4219,21): message : could be '_OutIt std::move(_InIt,_InIt,_OutIt)'
C:\Users\yahav\Documents\student\year3\semesterB\c++\Class24B-Hospital-GalYahavDiana\Kitchen.cpp(15,47): message : '_OutIt std::move(_InIt,_InIt,_OutIt)': expects 3 arguments - 1 provided
C:\Program Files\Microsoft Visual Studio\2022\Community\VC\Tools\MSVC\14.34.31933\include\type_traits(1436,48): message : or       'remove_reference<_Ty>::type &&std::move(_Ty &&) noexcept'
C:\Users\yahav\Documents\student\year3\semesterB\c++\Class24B-Hospital-GalYahavDiana\Kitchen.cpp(15,123): error C2039: 'numOfWrkers': is not a member of 'Kitchen'
C:\Users\yahav\Documents\student\year3\semesterB\c++\Class24B-Hospital-GalYahavDiana\Kitchen.h(7,7): message : see declaration of 'Kitchen'
C:\Users\yahav\Documents\student\year3\semesterB\c++\Class24B-Hospital-GalYahavDiana\Kitchen.cpp(15,37): error C2614: 'Kitchen': illegal member initialization: 'warehouse' is not a base or member
C:\Users\yahav\Documents\student\year3\semesterB\c++\Class24B-Hospital-GalYahavDiana\Kitchen.cpp(15,105): error C2614: 'Kitchen': illegal member initialization: 'numOfWrkers' is not a base or member
C:\Users\yahav\Documents\student\year3\semesterB\c++\Class24B-Hospital-GalYahavDiana\Kitchen.cpp(17,11): error C2039: 'numOfWrkers': is not a member of 'Kitchen'
C:\Users\yahav\Documents\student\year3\semesterB\c++\Class24B-Hospital-GalYahavDiana\Kitchen.h(7,7): message : see declaration of 'Kitchen'
C:\Users\yahav\Documents\student\year3\semesterB\c++\Class24B-Hospital-GalYahavDiana\Kitchen.cpp(29,5): error C2065: 'warehouse': undeclared identifier
C:\Users\yahav\Documents\student\year3\semesterB\c++\Class24B-Hospital-GalYahavDiana\Kitchen.cpp(29,23): error C2039: 'warehouse': is not a member of 'Kitchen'
C:\Users\yahav\Documents\student\year3\semesterB\c++\Class24B-Hospital-GalYahavDiana\Kitchen.h(7,7): message : see declaration of 'Kitchen'
C:\Users\yahav\Documents\student\year3\semesterB\c++\Class24B-Hospital-GalYahavDiana\Kitchen.cpp(30,5): error C2065: 'numOfWrkers': undeclared identifier
C:\Users\yahav\Documents\student\year3\semesterB\c++\Class24B-Hospital-GalYahavDiana\Kitchen.cpp(30,25): error C2039: 'numOfWrkers': is not a member of 'Kitchen'
C:\Users\yahav\Documents\student\year3\semesterB\c++\Class24B-Hospital-GalYahavDiana\Kitchen.h(7,7): message : see declaration of 'Kitchen'
C:\Users\yahav\Documents\student\year3\semesterB\c++\Class24B-Hospital-GalYahavDiana\Kitchen.cpp(44,5): error C2065: 'warehouse': undeclared identifier
C:\Users\yahav\Documents\student\year3\semesterB\c++\Class24B-Hospital-GalYahavDiana\Kitchen.cpp(44,28): error C2039: 'warehouse': is not a member of 'Kitchen'
C:\Users\yahav\Documents\student\year3\semesterB\c++\Class24B-Hospital-GalYahavDiana\Kitchen.h(7,7): message : see declaration of 'Kitchen'
C:\Users\yahav\Documents\student\year3\semesterB\c++\Class24B-Hospital-GalYahavDiana\Kitchen.cpp(44,17): error C2672: 'std::move': no matching overloaded function found
C:\Program Files\Microsoft Visual Studio\2022\Community\VC\Tools\MSVC\14.34.31933\include\xutility(4219,21): message : could be '_OutIt std::move(_InIt,_InIt,_OutIt)'
C:\Users\yahav\Documents\student\year3\semesterB\c++\Class24B-Hospital-GalYahavDiana\Kitchen.cpp(44,17): message : '_OutIt std::move(_InIt,_InIt,_OutIt)': expects 3 arguments - 1 provided
C:\Program Files\Microsoft Visual Studio\2022\Community\VC\Tools\MSVC\14.34.31933\include\type_traits(1436,48): message : or       'remove_reference<_Ty>::type &&std::move(_Ty &&) noexcept'
C:\Users\yahav\Documents\student\year3\semesterB\c++\Class24B-Hospital-GalYahavDiana\Kitchen.cpp(46,5): error C2065: 'numOfWrkers': undeclared identifier
C:\Users\yahav\Documents\student\year3\semesterB\c++\Class24B-Hospital-GalYahavDiana\Kitchen.cpp(46,25): error C2039: 'numOfWrkers': is not a member of 'Kitchen'
C:\Users\yahav\Documents\student\year3\semesterB\c++\Class24B-Hospital-GalYahavDiana\Kitchen.h(7,7): message : see declaration of 'Kitchen'
C:\Users\yahav\Documents\student\year3\semesterB\c++\Class24B-Hospital-GalYahavDiana\Kitchen.cpp(49,11): error C2039: 'numOfWrkers': is not a member of 'Kitchen'
C:\Users\yahav\Documents\student\year3\semesterB\c++\Class24B-Hospital-GalYahavDiana\Kitchen.h(7,7): message : see declaration of 'Kitchen'
C:\Users\yahav\Documents\student\year3\semesterB\c++\Class24B-Hospital-GalYahavDiana\Kitchen.cpp(55,12): error C2065: 'warehouse': undeclared identifier
C:\Users\yahav\Documents\student\year3\semesterB\c++\Class24B-Hospital-GalYahavDiana\Kitchen.cpp(63,12): error C2065: 'numOfWrkers': undeclared identifier
  Main.cpp
C:\Users\yahav\Documents\student\year3\semesterB\c++\Class24B-Hospital-GalYahavDiana\table.h(3,10): warning C4067: unexpected tokens following preprocessor directive - expected a newline
C:\Users\yahav\Documents\student\year3\semesterB\c++\Class24B-Hospital-GalYahavDiana\restaurant.h(7,13): warning C4099: 'Order': type name first seen using 'class' now seen using 'struct'
C:\Users\yahav\Documents\student\year3\semesterB\c++\Class24B-Hospital-GalYahavDiana\order.h(5,7): message : see declaration of 'Order'
  Restaurant.cpp
C:\Users\yahav\Documents\student\year3\semesterB\c++\Class24B-Hospital-GalYahavDiana\table.h(3,10): warning C4067: unexpected tokens following preprocessor directive - expected a newline
C:\Users\yahav\Documents\student\year3\semesterB\c++\Class24B-Hospital-GalYahavDiana\restaurant.h(7,13): warning C4099: 'Order': type name first seen using 'class' now seen using 'struct'
C:\Users\yahav\Documents\student\year3\semesterB\c++\Class24B-Hospital-GalYahavDiana\order.h(5,7): message : see declaration of 'Order'
C:\Users\yahav\Documents\student\year3\semesterB\c++\Class24B-Hospital-GalYahavDiana\department.h(4,1): warning C4099: 'Department': type name first seen using 'struct' now seen using 'class'
C:\Users\yahav\Documents\student\year3\semesterB\c++\Class24B-Hospital-GalYahavDiana\department.h(3,7): message : see declaration of 'Department'
C:\Users\yahav\Documents\student\year3\semesterB\c++\Class24B-Hospital-GalYahavDiana\department.h(6,12): error C2143: syntax error: missing ';' before '*'
C:\Users\yahav\Documents\student\year3\semesterB\c++\Class24B-Hospital-GalYahavDiana\department.h(6,12): error C4430: missing type specifier - int assumed. Note: C++ does not support default-int
C:\Users\yahav\Documents\student\year3\semesterB\c++\Class24B-Hospital-GalYahavDiana\department.h(6,22): error C2238: unexpected token(s) preceding ';'
  Table.cpp
C:\Users\yahav\Documents\student\year3\semesterB\c++\Class24B-Hospital-GalYahavDiana\Table.h(3,10): warning C4067: unexpected tokens following preprocessor directive - expected a newline
C:\Users\yahav\Documents\student\year3\semesterB\c++\Class24B-Hospital-GalYahavDiana\Table.cpp(8,8): error C2382: 'Table::Table': redefinition; different exception specifications
C:\Users\yahav\Documents\student\year3\semesterB\c++\Class24B-Hospital-GalYahavDiana\Table.h(14,2): message : see declaration of 'Table::Table'
  Warehouse.cpp
  Generating Code...
